d:\개인폴더\김유경\directx\directxgame\engine\x64\debug\engine.pch
d:\개인폴더\김유경\directx\directxgame\output\engine.pdb
d:\개인폴더\김유경\directx\directxgame\output\engine.idb
d:\개인폴더\김유경\directx\directxgame\engine\x64\debug\pch.obj
d:\개인폴더\김유경\directx\directxgame\engine\x64\debug\swapchain.obj
d:\개인폴더\김유경\directx\directxgame\engine\x64\debug\shader.obj
d:\개인폴더\김유경\directx\directxgame\engine\x64\debug\rootsignature.obj
d:\개인폴더\김유경\directx\directxgame\engine\x64\debug\mesh.obj
d:\개인폴더\김유경\directx\directxgame\engine\x64\debug\enginepch.obj
d:\개인폴더\김유경\directx\directxgame\engine\x64\debug\engine.obj
d:\개인폴더\김유경\directx\directxgame\engine\x64\debug\device.obj
d:\개인폴더\김유경\directx\directxgame\engine\x64\debug\tabledescriptorheap.obj
d:\개인폴더\김유경\directx\directxgame\engine\x64\debug\constantbuffer.obj
d:\개인폴더\김유경\directx\directxgame\engine\x64\debug\commandqueue.obj
d:\개인폴더\김유경\directx\directxgame\output\engine.lib
d:\개인폴더\김유경\directx\directxgame\engine\x64\debug\engine.tlog\cl.command.1.tlog
d:\개인폴더\김유경\directx\directxgame\engine\x64\debug\engine.tlog\cl.read.1.tlog
d:\개인폴더\김유경\directx\directxgame\engine\x64\debug\engine.tlog\cl.write.1.tlog
d:\개인폴더\김유경\directx\directxgame\engine\x64\debug\engine.tlog\lib-link.read.1.tlog
d:\개인폴더\김유경\directx\directxgame\engine\x64\debug\engine.tlog\lib-link.write.1.tlog
d:\개인폴더\김유경\directx\directxgame\engine\x64\debug\engine.tlog\lib.command.1.tlog
